2025-11-02T14:28:20.113Z [error]: userid: 68cf940573e1d1773d42d049, name: Neeraj Rajput, phone: 8770475416, Please provide serviceId
2025-11-02T16:45:38.622Z [error]: Unable to fetch bill payment
2025-11-02T16:45:59.550Z [error]: Unable to fetch bill payment
2025-11-02T16:50:00.519Z [error]: Unable to fetch bill payment
2025-11-02T17:36:43.341Z [error]: userid: 68cf940573e1d1773d42d049, name: Neeraj Rajput, phone: 8770475416, User wallet balance is low.
2025-11-02T17:37:20.306Z [error]: userid: 68cf940573e1d1773d42d049, name: Neeraj Rajput, phone: 8770475416, User wallet balance is low.
2025-11-02T17:38:22.036Z [error]: userid: 68cf940573e1d1773d42d049, name: Neeraj Rajput, phone: 8770475416, Recharge validation failed: status: Path `status` is required.
2025-11-02T17:38:50.147Z [error]: userid: 68cf940573e1d1773d42d049, name: Neeraj Rajput, phone: 8770475416, Recharge validation failed: status: Path `status` is required.
2025-11-03T02:34:03.690Z [error]: userid: 68cf940573e1d1773d42d049, name: Neeraj Rajput, phone: 8770475416, Cannot read properties of undefined (reading 'Optional1')
2025-11-03T02:34:30.533Z [error]: userid: 68cf940573e1d1773d42d049, name: Neeraj Rajput, phone: 8770475416, Cannot read properties of undefined (reading 'data')
2025-11-03T02:34:58.254Z [error]: userid: 68cf940573e1d1773d42d049, name: Neeraj Rajput, phone: 8770475416, Cannot read properties of undefined (reading 'data')
2025-11-03T02:36:00.631Z [error]: userid: 68cf940573e1d1773d42d049, name: Neeraj Rajput, phone: 8770475416, Cannot read properties of undefined (reading 'data')
2025-11-03T02:36:17.470Z [error]: userid: 68cf940573e1d1773d42d049, name: Neeraj Rajput, phone: 8770475416, Cannot read properties of undefined (reading 'data')
2025-11-03T02:38:05.255Z [error]: userid: 68cf940573e1d1773d42d049, name: Neeraj Rajput, phone: 8770475416, 
2025-11-03T02:38:31.464Z [error]: userid: 68cf940573e1d1773d42d049, name: Neeraj Rajput, phone: 8770475416, 
2025-11-04T17:53:37.237Z [error]: userid: 68cf940573e1d1773d42d049, name: Neeraj Rajput, phone: 8770475416, Cannot read properties of undefined (reading 'data')
2025-11-04T17:54:22.409Z [error]: userid: 68cf940573e1d1773d42d049, name: Neeraj Rajput, phone: 8770475416, Cannot read properties of undefined (reading 'data')
2025-11-04T17:54:37.332Z [error]: userid: 68cf940573e1d1773d42d049, name: Neeraj Rajput, phone: 8770475416, Cannot read properties of undefined (reading 'data')
2025-11-04T17:55:11.335Z [error]: userid: 68cf940573e1d1773d42d049, name: Neeraj Rajput, phone: 8770475416, Cannot read properties of undefined (reading 'data')
2025-11-04T18:04:54.502Z [error]: userid: 68cf940573e1d1773d42d049, name: Neeraj Rajput, phone: 8770475416, 
2025-11-04T18:05:53.200Z [error]: userid: 68cf940573e1d1773d42d049, name: Neeraj Rajput, phone: 8770475416, 
2025-11-04T18:06:52.518Z [error]: userid: 68cf940573e1d1773d42d049, name: Neeraj Rajput, phone: 8770475416, DTH Recharge Failed, Please Try Again Ex200
2025-11-04T18:15:09.962Z [error]: userid: 68cf940573e1d1773d42d049, name: Neeraj Rajput, phone: 8770475416, Request failed with status code 401
2025-11-04T18:15:57.848Z [error]: userid: 68cf940573e1d1773d42d049, name: Neeraj Rajput, phone: 8770475416, Request failed with status code 401
2025-11-04T18:29:41.401Z [error]: userid: 68cf940573e1d1773d42d049, name: Neeraj Rajput, phone: 8770475416, DTH Recharge Failed, Please Try Again Ex200
2025-11-04T18:30:45.758Z [error]: userid: 68cf940573e1d1773d42d049, name: Neeraj Rajput, phone: 8770475416, DTH Recharge Failed, Please Try Again Ex200
2025-11-04T18:37:08.667Z [error]: userid: 68cf940573e1d1773d42d049, name: Neeraj Rajput, phone: 8770475416, DTH Recharge Failed, Please Try Again Ex200
2025-11-04T18:38:15.103Z [error]: userid: 68cf940573e1d1773d42d049, name: Neeraj Rajput, phone: 8770475416, DTH Recharge Failed, Please Try Again Ex200
2025-11-04T18:49:24.380Z [error]: userid: 68cf940573e1d1773d42d049, name: Neeraj Rajput, phone: 8770475416, DTH Recharge Failed, Please Try Again Ex200
2025-11-04T18:58:59.659Z [error]: userid: 68cf940573e1d1773d42d049, name: Neeraj Rajput, phone: 8770475416, DTH Recharge Failed, Please Try Again Ex200
2025-11-04T19:19:43.902Z [error]: userid: 68cf940573e1d1773d42d049, name: Neeraj Rajput, phone: 8770475416, Invalid user
2025-11-04T19:21:26.556Z [error]: userid: 68cf940573e1d1773d42d049, name: Neeraj Rajput, phone: 8770475416, Failed to generate ledger.
2025-11-04T19:21:37.116Z [error]: userid: 68cf940573e1d1773d42d049, name: Neeraj Rajput, phone: 8770475416, Failed to generate ledger.
