2025-11-02T14:28:34.160Z [info]: userid: 68cf940573e1d1773d42d049, name: Neeraj Rajput, phone: 8770475416, Operator list fetched successfully
2025-11-02T17:03:48.522Z [info]: DTH Plans fetched successfully
2025-11-02T17:37:12.665Z [info]: userid: 68cf940573e1d1773d42d049, name: Neeraj Rajput, phone: 8770475416, Your Recharge is success
2025-11-02T17:37:43.035Z [info]: userid: 68cf940573e1d1773d42d049, name: Neeraj Rajput, phone: 8770475416, Your Recharge is success
2025-11-02T17:38:21.979Z [info]: userid: 68cf940573e1d1773d42d049, name: Neeraj Rajput, phone: 8770475416, Your Recharge is Pending
2025-11-02T17:38:50.019Z [info]: userid: 68cf940573e1d1773d42d049, name: Neeraj Rajput, phone: 8770475416, Your Recharge is Pending
2025-11-03T02:40:06.091Z [info]: userid: 68cf940573e1d1773d42d049, name: Neeraj Rajput, phone: 8770475416, Bill info fetched successfully
2025-11-03T02:44:38.670Z [info]: userid: 68cf940573e1d1773d42d049, name: Neeraj Rajput, phone: 8770475416, Bill info fetched successfully
2025-11-03T16:57:15.326Z [info]: DTH Plans fetched successfully
2025-11-03T16:57:56.341Z [info]: userid: 68cf940573e1d1773d42d049, name: Neeraj Rajput, phone: 8770475416, Bill info fetched successfully
2025-11-04T18:20:54.961Z [info]: userid: 68cf940573e1d1773d42d049, name: Neeraj Rajput, phone: 8770475416, Bill info fetched successfully
2025-11-04T18:21:50.686Z [info]: userid: 68cf940573e1d1773d42d049, name: Neeraj Rajput, phone: 8770475416, Bill info fetched successfully
2025-11-04T18:25:50.817Z [info]: userid: 68cf940573e1d1773d42d049, name: Neeraj Rajput, phone: 8770475416, Operator list fetched successfully
2025-11-04T19:18:59.447Z [info]: userid: 68cf940573e1d1773d42d049, name: Neeraj Rajput, phone: 8770475416, Fetch wallet by user
2025-11-04T19:19:20.604Z [info]: userid: 68cf940573e1d1773d42d049, name: Neeraj Rajput, phone: 8770475416, Fetch user
2025-11-04T19:19:52.176Z [info]: userid: 68cf940573e1d1773d42d049, name: Neeraj Rajput, phone: 8770475416, Fetch user
2025-11-04T19:20:13.537Z [info]: userid: undefined, name: undefined undefined, phone: undefined, Fetch all transactions
2025-11-04T19:20:48.448Z [info]: userid: 68cf940573e1d1773d42d049, name: Neeraj Rajput, phone: 8770475416, Fetch all transaction
2025-11-04T19:20:59.917Z [info]: userid: 68cf940573e1d1773d42d049, name: Neeraj Rajput, phone: 8770475416, Fetch all transaction
2025-11-04T19:21:08.330Z [info]: userid: 68cf940573e1d1773d42d049, name: Neeraj Rajput, phone: 8770475416, Fetch all transaction
2025-11-04T19:21:17.108Z [info]: userid: 68cf940573e1d1773d42d049, name: Neeraj Rajput, phone: 8770475416, Fetch txn list by user.
2025-11-04T19:21:46.925Z [info]: userid: 68cf940573e1d1773d42d049, name: Neeraj Rajput, phone: 8770475416, Ledger Generate Successfully
2025-11-04T19:35:59.977Z [info]: userid: 68cf940573e1d1773d42d049, name: Neeraj Rajput, phone: 8770475416, Bill info fetched successfully
2025-11-04T19:36:39.466Z [info]: Fetch all services
2025-11-04T19:37:20.163Z [info]: userid: 68cf940573e1d1773d42d049, name: Neeraj Rajput, phone: 8770475416, Operator list fetched successfully
2025-11-04T19:38:20.952Z [info]: userid: 68cf940573e1d1773d42d049, name: Neeraj Rajput, phone: 8770475416, Operator list fetched successfully
2025-11-05T13:46:35.049Z [info]: OTP Sent
2025-11-05T13:49:25.665Z [info]: Fetch all services
2025-11-05T16:10:16.440Z [info]: Fetch all services
2025-11-05T16:24:58.604Z [info]: Fetch all services
2025-11-05T16:32:14.870Z [info]: Fetch all services
2025-11-07T02:11:55.022Z [info]: OTP Sent
2025-11-07T02:14:39.259Z [info]: OTP Sent
2025-11-07T02:20:24.879Z [info]: userid: 68cf940573e1d1773d42d049, name: Neeraj Rajput, phone: 8770475416, Operator & Circle Fetch Success
2025-11-07T02:23:32.188Z [info]: userid: 68cf940573e1d1773d42d049, name: Neeraj Rajput, phone: 8770475416, Operator & Circle Fetch Success
2025-11-07T02:24:28.501Z [info]: userid: 68cf940573e1d1773d42d049, name: Neeraj Rajput, phone: 8770475416, Operator & Circle Fetch Success
2025-11-07T02:26:18.671Z [info]: userid: 68cf940573e1d1773d42d049, name: Neeraj Rajput, phone: 8770475416, DTH Plans fetched successfully
2025-11-07T02:27:19.061Z [info]: userid: 68cf940573e1d1773d42d049, name: Neeraj Rajput, phone: 8770475416, DTH Plans fetched successfully
2025-11-07T02:27:33.805Z [info]: userid: 68cf940573e1d1773d42d049, name: Neeraj Rajput, phone: 8770475416, DTH Plans fetched successfully
2025-11-07T02:27:53.085Z [info]: userid: 68cf940573e1d1773d42d049, name: Neeraj Rajput, phone: 8770475416, DTH Plans fetched successfully
2025-11-07T02:28:00.871Z [info]: userid: 68cf940573e1d1773d42d049, name: Neeraj Rajput, phone: 8770475416, DTH Plans fetched successfully
2025-11-07T02:28:19.194Z [info]: userid: 68cf940573e1d1773d42d049, name: Neeraj Rajput, phone: 8770475416, DTH Plans fetched successfully
2025-11-07T02:28:46.407Z [info]: userid: 68cf940573e1d1773d42d049, name: Neeraj Rajput, phone: 8770475416, DTH Plans fetched successfully
2025-11-07T02:29:33.930Z [info]: Fetch all services
2025-11-07T02:29:39.368Z [info]: Fetch all services
2025-11-07T02:30:10.182Z [info]: Fetch all services
2025-11-07T02:30:20.354Z [info]: Fetch all services
2025-11-07T02:53:28.768Z [info]: userid: 68cf940573e1d1773d42d049, name: Neeraj Rajput, phone: 8770475416, All plans
2025-11-07T02:54:37.562Z [info]: userid: 68cf940573e1d1773d42d049, name: Neeraj Rajput, phone: 8770475416, All plans
2025-11-07T02:55:48.026Z [info]: userid: 68cf940573e1d1773d42d049, name: Neeraj Rajput, phone: 8770475416, All plans
2025-11-07T06:36:02.076Z [info]: User DTH Operators
2025-11-07T06:37:26.005Z [info]: User DTH Operators
2025-11-07T06:38:36.434Z [info]: User DTH Operators
2025-11-07T06:38:43.326Z [info]: User DTH Operators
2025-11-08T09:18:21.539Z [info]: otp will receive sms
2025-11-08T09:18:40.276Z [info]: otp will receive sms
2025-11-08T09:29:39.001Z [info]: otp will receive sms
2025-11-08T10:43:42.858Z [info]: undefined
2025-11-08T10:43:52.845Z [info]: undefined
2025-11-08T10:45:37.505Z [info]: undefined
2025-11-08T10:48:19.538Z [info]: undefined
2025-11-08T10:48:37.061Z [info]: undefined
2025-11-08T10:48:53.212Z [info]: undefined
2025-11-08T10:49:17.329Z [info]: undefined
2025-11-08T10:49:32.954Z [info]: undefined
2025-11-08T10:49:43.250Z [info]: undefined
2025-11-08T10:49:59.696Z [info]: undefined
2025-11-08T10:50:13.354Z [info]: undefined
2025-11-08T10:50:24.843Z [info]: undefined
2025-11-08T10:51:56.301Z [info]: undefined
2025-11-08T10:54:19.501Z [info]: undefined
2025-11-08T10:55:59.049Z [info]: undefined
2025-11-08T10:57:08.978Z [info]: undefined
2025-11-08T14:24:53.376Z [info]: undefined
2025-11-08T14:30:54.655Z [info]: undefined
2025-11-08T18:36:18.008Z [info]: userid: 68cf940573e1d1773d42d049, name: Neeraj Rajput, phone: 8770475416, Bill info fetched successfully
2025-11-08T18:44:41.691Z [info]: userid: 68cf940573e1d1773d42d049, name: Neeraj Rajput, phone: 8770475416, Operator list fetched successfully
2025-11-08T18:46:24.423Z [info]: userid: 68cf940573e1d1773d42d049, name: Neeraj Rajput, phone: 8770475416, Operator list fetched successfully
2025-11-09T05:21:20.986Z [info]: userid: 68cf940573e1d1773d42d049, name: Neeraj Rajput, phone: 8770475416, Operator list fetched successfully
2025-11-09T05:22:21.409Z [info]: userid: 68cf940573e1d1773d42d049, name: Neeraj Rajput, phone: 8770475416, Operator list fetched successfully
2025-11-09T05:22:56.762Z [info]: userid: 68cf940573e1d1773d42d049, name: Neeraj Rajput, phone: 8770475416, Operator list fetched successfully
2025-11-09T05:23:08.461Z [info]: userid: 68cf940573e1d1773d42d049, name: Neeraj Rajput, phone: 8770475416, Operator list fetched successfully
2025-11-09T05:23:20.753Z [info]: userid: 68cf940573e1d1773d42d049, name: Neeraj Rajput, phone: 8770475416, Operator list fetched successfully
2025-11-09T05:23:53.282Z [info]: Fetch all services
2025-11-09T05:24:08.974Z [info]: userid: 68cf940573e1d1773d42d049, name: Neeraj Rajput, phone: 8770475416, Operator list fetched successfully
2025-11-09T05:25:34.666Z [info]: userid: 68cf940573e1d1773d42d049, name: Neeraj Rajput, phone: 8770475416, Operator list fetched successfully
2025-11-09T05:28:08.108Z [info]: Fetch all services
2025-11-09T05:28:15.195Z [info]: Fetch all services
2025-11-09T05:28:24.319Z [info]: userid: 68cf940573e1d1773d42d049, name: Neeraj Rajput, phone: 8770475416, Operator list fetched successfully
2025-11-09T05:34:01.321Z [info]: userid: 68cf940573e1d1773d42d049, name: Neeraj Rajput, phone: 8770475416, Operator list fetched successfully
2025-11-09T05:47:35.014Z [info]: userid: 68cf940573e1d1773d42d049, name: Neeraj Rajput, phone: 8770475416, Bill info fetched successfully
2025-11-09T06:16:22.506Z [info]: userid: 68cf940573e1d1773d42d049, name: Neeraj Rajput, phone: 8770475416, Bill info fetched successfully
2025-11-09T06:27:46.842Z [info]: userid: 68cf940573e1d1773d42d049, name: Neeraj Rajput, phone: 8770475416, Bill info fetched successfully
2025-11-09T06:28:26.131Z [info]: Fetch all services
2025-11-09T06:28:54.222Z [info]: Fetch all services
2025-11-09T06:28:57.481Z [info]: Fetch all services
2025-11-09T06:29:05.751Z [info]: Fetch all services
2025-11-09T06:29:09.999Z [info]: Fetch all services
2025-11-09T06:29:14.901Z [info]: Fetch all services
2025-11-09T06:29:19.244Z [info]: Fetch all services
2025-11-09T06:52:32.292Z [info]: userid: 68cf940573e1d1773d42d049, name: Neeraj Rajput, phone: 8770475416, Your Electricity is success
